#At Time	x	process	Y	state arr	w	total	z	remain	y	wait	k
At Time	0	process	1	started arr	0	total	11	remain	11	wait	0
At Time	4	process	1	stopped arr	0	total	11	remain	7	wait	0
At Time	4	process	4	started arr	4	total	6	remain	6	wait	0
At Time	5	process	4	stopped arr	4	total	6	remain	5	wait	0
At Time	5	process	5	started arr	5	total	4	remain	4	wait	0
At Time	6	process	5	stopped arr	5	total	4	remain	3	wait	0
At Time	6	process	6	started arr	6	total	2	remain	2	wait	0
At Time	8	process	6	finished arr	6	total	2	remain	0	wait	0	TA	2	WTA	1.00
At Time	8	process	7	stopped arr	7	total	1	remain	1	wait	1
At Time	8	process	7	started arr	7	total	1	remain	1	wait	1
At Time	9	process	7	finished arr	7	total	1	remain	0	wait	1	TA	2	WTA	2.00
At Time	9	process	5	stopped arr	5	total	4	remain	3	wait	3
At Time	9	process	5	resumed arr	5	total	4	remain	3	wait	3
At Time	12	process	5	finished arr	5	total	4	remain	0	wait	3	TA	7	WTA	1.75
At Time	12	process	4	stopped arr	4	total	6	remain	5	wait	7
At Time	12	process	4	resumed arr	4	total	6	remain	5	wait	7
At Time	17	process	4	finished arr	4	total	6	remain	0	wait	7	TA	13	WTA	2.17
At Time	17	process	1	stopped arr	0	total	11	remain	7	wait	13
At Time	17	process	1	resumed arr	0	total	11	remain	7	wait	13
At Time	24	process	1	finished arr	0	total	11	remain	0	wait	13	TA	24	WTA	2.18
At Time	24	process	3	stopped arr	3	total	8	remain	8	wait	21
At Time	24	process	3	started arr	3	total	8	remain	8	wait	21
At Time	32	process	3	finished arr	3	total	8	remain	0	wait	21	TA	29	WTA	3.62
At Time	32	process	2	stopped arr	2	total	11	remain	11	wait	30
At Time	32	process	2	started arr	2	total	11	remain	11	wait	30
At Time	43	process	2	finished arr	2	total	11	remain	0	wait	30	TA	41	WTA	3.73
